
> asquarespace-mac-app@1.0.0 build:mac
> npm run make-icon && electron-builder --mac --universal


> asquarespace-mac-app@1.0.0 make-icon
> bash ./scripts/make-icon.sh

Created /Users/aavirash/Desktop/After Effects Extension + Script Master/Asquarespace-MacApp/build/icon.icns
  • electron-builder  version=25.1.8 os=25.3.0
  • loaded configuration  file=package.json ("build" field)
  • author is missed in the package.json  appPackageFile=/Users/aavirash/Desktop/After Effects Extension + Script Master/Asquarespace-MacApp/package.json
  • executing @electron/rebuild  electronVersion=32.3.3 arch=x64 buildFromSource=false appDir=./
  • installing native dependencies  arch=x64
  • completed installing native dependencies
  • packaging       platform=darwin arch=x64 electron=32.3.3 appOutDir=dist/mac-universal-x64-temp
  • executing @electron/rebuild  electronVersion=32.3.3 arch=arm64 buildFromSource=false appDir=./
  • installing native dependencies  arch=arm64
  • completed installing native dependencies
  • packaging       platform=darwin arch=arm64 electron=32.3.3 appOutDir=dist/mac-universal-arm64-temp
  • packaging       platform=darwin arch=universal electron=32.3.3 appOutDir=dist/mac-universal
  • skipped macOS code signing  reason=identity explicitly is set to null
  • building        target=DMG arch=universal file=dist/Asquarespace-1.0.0-universal.dmg
  • building        target=macOS zip arch=universal file=dist/Asquarespace-1.0.0-universal-mac.zip
  • Detected arm64 process, HFS+ is unavailable. Creating dmg with APFS - supports Mac OSX 10.12+
  • building block map  blockMapFile=dist/Asquarespace-1.0.0-universal.dmg.blockmap
  • building block map  blockMapFile=dist/Asquarespace-1.0.0-universal-mac.zip.blockmap
